\BOOKMARK [0][-]{section*.1}{\315ndice general}{}% 1
\BOOKMARK [0][-]{section*.2}{\315ndice de figuras}{}% 2
\BOOKMARK [0][-]{section*.3}{\315ndice de tablas}{}% 3
\BOOKMARK [0][-]{chapter*.4}{Introducci\363n}{}% 4
\BOOKMARK [0][-]{chapter*.5}{Objetivos del proyecto}{}% 5
\BOOKMARK [1][-]{section.2.1}{Objetivos basados en los requisitos funcionales}{chapter*.5}% 6
\BOOKMARK [1][-]{section.2.2}{Objetivos t\351cnicos}{chapter*.5}% 7
\BOOKMARK [1][-]{section.2.3}{Objetivos personales}{chapter*.5}% 8
\BOOKMARK [0][-]{chapter*.6}{Conceptos te\363ricos}{}% 9
\BOOKMARK [1][-]{section.3.1}{Miner\355a de Datos}{chapter*.6}% 10
\BOOKMARK [1][-]{section.3.2}{Web Scraping}{chapter*.6}% 11
\BOOKMARK [0][-]{chapter*.11}{T\351cnicas y herramientas}{}% 12
\BOOKMARK [1][-]{section.4.1}{T\351cnicas de trabajo}{chapter*.11}% 13
\BOOKMARK [1][-]{section.4.2}{Herramientas Candidatas \(Aplicaci\363n Web\)}{chapter*.11}% 14
\BOOKMARK [1][-]{section.4.3}{Herramientas candidatas \(Bases de Datos\)}{chapter*.11}% 15
\BOOKMARK [1][-]{section.4.4}{BeautifulSoup}{chapter*.11}% 16
\BOOKMARK [1][-]{section.4.5}{Sci-Kit Learn}{chapter*.11}% 17
\BOOKMARK [1][-]{section.4.6}{feedparser}{chapter*.11}% 18
\BOOKMARK [1][-]{section.4.7}{TextBlob}{chapter*.11}% 19
\BOOKMARK [1][-]{section.4.8}{Lime}{chapter*.11}% 20
\BOOKMARK [1][-]{section.4.9}{PDFMiner}{chapter*.11}% 21
\BOOKMARK [1][-]{section.4.10}{Latex}{chapter*.11}% 22
\BOOKMARK [0][-]{chapter*.20}{Aspectos relevantes del desarrollo del proyecto}{}% 23
\BOOKMARK [1][-]{section.5.1}{Conceptos avanzados de Bag of Words}{chapter*.20}% 24
\BOOKMARK [1][-]{section.5.2}{Resultados de la explicaci\363n de la predicci\363n}{chapter*.20}% 25
\BOOKMARK [1][-]{section.5.3}{Experimentaci\363n en Jupyter}{chapter*.20}% 26
\BOOKMARK [1][-]{section.5.4}{Intento de publicaci\363n de Jupyter Dashboard}{chapter*.20}% 27
\BOOKMARK [1][-]{section.5.5}{Omisi\363n de comentarios en el Scrapping}{chapter*.20}% 28
\BOOKMARK [0][-]{chapter*.25}{Trabajos relacionados}{}% 29
\BOOKMARK [0][-]{chapter*.26}{Conclusiones y L\355neas de trabajo futuras}{}% 30
\BOOKMARK [0][-]{section*.28}{Bibliograf\355a}{}% 31
